2018-05-14 10:37:13.982  INFO 6896 --- [main] com.girmiti.pos.POSApplication           : Starting POSApplication on V-Bharath-PC with PID 6896 (E:\girmiti-pos\target\classes started by Deepak in E:\girmiti-pos)
2018-05-14 10:37:14.026  INFO 6896 --- [main] com.girmiti.pos.POSApplication           : No active profile set, falling back to default profiles: default
2018-05-14 10:37:14.370  INFO 6896 --- [main] ConfigServletWebServerApplicationContext : Refreshing org.springframework.boot.web.servlet.context.AnnotationConfigServletWebServerApplicationContext@589eea47: startup date [Mon May 14 10:37:14 IST 2018]; root of context hierarchy
2018-05-14 10:37:16.257  INFO 6896 --- [main] o.s.b.f.s.DefaultListableBeanFactory     : Overriding bean definition for bean 'dataSource' with a different definition: replacing [Root bean: class [null]; scope=; abstract=false; lazyInit=false; autowireMode=3; dependencyCheck=0; autowireCandidate=true; primary=false; factoryBeanName=org.springframework.boot.autoconfigure.jdbc.DataSourceConfiguration$Generic; factoryMethodName=dataSource; initMethodName=null; destroyMethodName=(inferred); defined in class path resource [org/springframework/boot/autoconfigure/jdbc/DataSourceConfiguration$Generic.class]] with [Root bean: class [null]; scope=; abstract=false; lazyInit=false; autowireMode=3; dependencyCheck=0; autowireCandidate=true; primary=false; factoryBeanName=org.springframework.boot.autoconfigure.jdbc.DataSourceConfiguration$Hikari; factoryMethodName=dataSource; initMethodName=null; destroyMethodName=(inferred); defined in class path resource [org/springframework/boot/autoconfigure/jdbc/DataSourceConfiguration$Hikari.class]]
2018-05-14 10:37:16.774  INFO 6896 --- [main] f.a.AutowiredAnnotationBeanPostProcessor : JSR-330 'javax.inject.Inject' annotation found and supported for autowiring
2018-05-14 10:37:16.949  INFO 6896 --- [main] trationDelegate$BeanPostProcessorChecker : Bean 'org.springframework.transaction.annotation.ProxyTransactionManagementConfiguration' of type [org.springframework.transaction.annotation.ProxyTransactionManagementConfiguration$$EnhancerBySpringCGLIB$$5781073c] is not eligible for getting processed by all BeanPostProcessors (for example: not eligible for auto-proxying)
2018-05-14 10:37:17.594  INFO 6896 --- [main] o.s.b.w.embedded.tomcat.TomcatWebServer  : Tomcat initialized with port(s): 9095 (http)
2018-05-14 10:37:17.652  INFO 6896 --- [main] o.apache.catalina.core.StandardService   : Starting service [Tomcat]
2018-05-14 10:37:17.653  INFO 6896 --- [main] org.apache.catalina.core.StandardEngine  : Starting Servlet Engine: Apache Tomcat/8.5.28
2018-05-14 10:37:17.678  INFO 6896 --- [localhost-startStop-1] o.a.catalina.core.AprLifecycleListener   : The APR based Apache Tomcat Native library which allows optimal performance in production environments was not found on the java.library.path: [C:\Program Files\Java\jdk1.8.0_141\bin;C:\Windows\Sun\Java\bin;C:\Windows\system32;C:\Windows;C:/Program Files/Java/jre1.8.0_161/bin/server;C:/Program Files/Java/jre1.8.0_161/bin;C:/Program Files/Java/jre1.8.0_161/lib/amd64;C:\Program Files\ARM\bin\win_32-pentium;C:\ProgramData\Oracle\Java\javapath;C:\Program Files (x86)\Intel\iCLS Client\;C:\Program Files\Intel\iCLS Client\;C:\Windows\system32;C:\Windows;C:\Windows\System32\Wbem;C:\Windows\System32\WindowsPowerShell\v1.0\;C:\Program Files\Intel\Intel(R) Management Engine Components\DAL;C:\Program Files\Intel\Intel(R) Management Engine Components\IPT;C:\Program Files (x86)\Intel\Intel(R) Management Engine Components\DAL;C:\Program Files (x86)\Intel\Intel(R) Management Engine Components\IPT;C:\Program Files\Java\jdk1.8.0_141\bin;C:\Program Files\Java\jre1.8.0_141\bin;C:\Program Files\TortoiseSVN\bin;C:\Program Files\Git\cmd;C:\Program Files\ARM\RVI\Tools\3.3\106\programs\win_32-pentium;C:\Program Files\ARM\Utilities\FLEXlm\10.8.5.0\1\win_32-pentium;C:\Program Files\ARM\RVD\Core\4.0\1106\win_32-pentium\bin;C:\Program Files\ARM\RVCT\Programs\4.0\436\multi1\win_32-pentium;C:\Program Files\ARM\RVI\GDB\3.3\8;C:\Program Files\Gemalto\Classic Client\BIN;C:\Program Files (x86)\Gemalto\Classic Client\BIN;C:\Program Files (x86)\VERIFONE\FST;;C:\vde;C:\Users\Deepak\AppData\Local\GitHubDesktop\bin;D:\eclipse-jee-oxygen-3a-win32-x86_64\eclipse;;.]
2018-05-14 10:37:17.858  INFO 6896 --- [localhost-startStop-1] o.a.c.c.C.[.[localhost].[/pos-service]   : Initializing Spring embedded WebApplicationContext
2018-05-14 10:37:17.858  INFO 6896 --- [localhost-startStop-1] o.s.web.context.ContextLoader            : Root WebApplicationContext: initialization completed in 3488 ms
2018-05-14 10:37:18.006  INFO 6896 --- [localhost-startStop-1] o.s.b.w.servlet.ServletRegistrationBean  : Servlet dispatcherServlet mapped to [/]
2018-05-14 10:37:18.010  INFO 6896 --- [localhost-startStop-1] o.s.b.w.servlet.FilterRegistrationBean   : Mapping filter: 'characterEncodingFilter' to: [/*]
2018-05-14 10:37:18.318  INFO 6896 --- [main] com.zaxxer.hikari.HikariDataSource       : SpringBootJPAHikariCP - Starting...
2018-05-14 10:37:18.507  INFO 6896 --- [main] com.zaxxer.hikari.pool.PoolBase          : SpringBootJPAHikariCP - Driver does not support get/set network timeout for connections. (Method org.postgresql.jdbc42.Jdbc42Connection.getNetworkTimeout() is not yet implemented.)
2018-05-14 10:37:18.539  INFO 6896 --- [main] com.zaxxer.hikari.HikariDataSource       : SpringBootJPAHikariCP - Start completed.
2018-05-14 10:37:18.697  INFO 6896 --- [main] j.LocalContainerEntityManagerFactoryBean : Building JPA container EntityManagerFactory for persistence unit 'default'
2018-05-14 10:37:20.163  INFO 6896 --- [main] j.LocalContainerEntityManagerFactoryBean : Initialized JPA EntityManagerFactory for persistence unit 'default'
2018-05-14 10:37:21.312  INFO 6896 --- [main] s.w.s.m.m.a.RequestMappingHandlerMapping : Mapped "{[/save],methods=[POST]}" onto public com.girmiti.pos.model.Response com.girmiti.pos.controller.POSServiceRestController.saveRequest(com.girmiti.pos.model.Request,org.springframework.validation.BindingResult)
2018-05-14 10:37:21.314  INFO 6896 --- [main] s.w.s.m.m.a.RequestMappingHandlerMapping : Mapped "{[/],methods=[GET]}" onto public java.lang.String com.girmiti.pos.controller.POSServiceRestController.ping()
2018-05-14 10:37:21.314  INFO 6896 --- [main] s.w.s.m.m.a.RequestMappingHandlerMapping : Mapped "{[/fetch],methods=[GET]}" onto public java.lang.String com.girmiti.pos.controller.POSServiceRestController.fetchSavedData()
2018-05-14 10:37:21.343  INFO 6896 --- [main] s.w.s.m.m.a.RequestMappingHandlerMapping : Mapped "{[/error]}" onto public org.springframework.http.ResponseEntity<java.util.Map<java.lang.String, java.lang.Object>> org.springframework.boot.autoconfigure.web.servlet.error.BasicErrorController.error(javax.servlet.http.HttpServletRequest)
2018-05-14 10:37:21.344  INFO 6896 --- [main] s.w.s.m.m.a.RequestMappingHandlerMapping : Mapped "{[/error],produces=[text/html]}" onto public org.springframework.web.servlet.ModelAndView org.springframework.boot.autoconfigure.web.servlet.error.BasicErrorController.errorHtml(javax.servlet.http.HttpServletRequest,javax.servlet.http.HttpServletResponse)
2018-05-14 10:37:21.441  INFO 6896 --- [main] s.w.s.m.m.a.RequestMappingHandlerAdapter : Looking for @ControllerAdvice: org.springframework.boot.web.servlet.context.AnnotationConfigServletWebServerApplicationContext@589eea47: startup date [Mon May 14 10:37:14 IST 2018]; root of context hierarchy
2018-05-14 10:37:21.867  WARN 6896 --- [main] aWebConfiguration$JpaWebMvcConfiguration : spring.jpa.open-in-view is enabled by default. Therefore, database queries may be performed during view rendering. Explicitly configure spring.jpa.open-in-view to disable this warning
2018-05-14 10:37:22.149  INFO 6896 --- [main] o.s.j.e.a.AnnotationMBeanExporter        : Registering beans for JMX exposure on startup
2018-05-14 10:37:22.151  INFO 6896 --- [main] o.s.j.e.a.AnnotationMBeanExporter        : Bean with name 'dataSource' has been autodetected for JMX exposure
2018-05-14 10:37:22.158  INFO 6896 --- [main] o.s.j.e.a.AnnotationMBeanExporter        : Located MBean 'dataSource': registering with JMX server as MBean [com.zaxxer.hikari:name=dataSource,type=HikariDataSource]
2018-05-14 10:37:22.259  INFO 6896 --- [main] o.s.b.w.embedded.tomcat.TomcatWebServer  : Tomcat started on port(s): 9095 (http) with context path '/pos-service'
2018-05-14 10:37:22.272  INFO 6896 --- [main] com.girmiti.pos.POSApplication           : Started POSApplication in 9.243 seconds (JVM running for 21.858)
2018-05-14 10:38:27.155  INFO 6896 --- [http-nio-9095-exec-5] o.a.c.c.C.[.[localhost].[/pos-service]   : Initializing Spring FrameworkServlet 'dispatcherServlet'
2018-05-14 10:38:27.156  INFO 6896 --- [http-nio-9095-exec-5] o.s.web.servlet.DispatcherServlet        : FrameworkServlet 'dispatcherServlet': initialization started
2018-05-14 10:38:27.186  INFO 6896 --- [http-nio-9095-exec-5] o.s.web.servlet.DispatcherServlet        : FrameworkServlet 'dispatcherServlet': initialization completed in 30 ms
2018-05-14 10:38:51.341  INFO 6896 --- [http-nio-9095-exec-2] c.g.p.c.POSServiceRestController         : Entering:: POSServiceRestController:: fetchSavedData method
2018-05-14 10:38:51.342  INFO 6896 --- [http-nio-9095-exec-2] c.g.pos.service.impl.POSServiceImpl      : Entering :: POSServiceImpl :: getAllSavedReq method
2018-05-14 10:38:51.823  INFO 6896 --- [http-nio-9095-exec-2] c.g.pos.service.impl.POSServiceImpl      : Exiting :: POSServiceImpl :: getAllSavedReq method
2018-05-14 10:39:16.187  INFO 6896 --- [http-nio-9095-exec-4] c.g.p.c.POSServiceRestController         : Entering:: POSServiceRestController:: fetchSavedData method
2018-05-14 10:39:16.188  INFO 6896 --- [http-nio-9095-exec-4] c.g.pos.service.impl.POSServiceImpl      : Entering :: POSServiceImpl :: getAllSavedReq method
2018-05-14 10:39:16.198  INFO 6896 --- [http-nio-9095-exec-4] c.g.pos.service.impl.POSServiceImpl      : Exiting :: POSServiceImpl :: getAllSavedReq method
2018-05-14 10:40:35.891  INFO 6896 --- [http-nio-9095-exec-5] c.g.p.c.POSServiceRestController         : Entering:: POSServiceRestController:: saveRequest method
2018-05-14 10:40:35.892  INFO 6896 --- [http-nio-9095-exec-5] c.g.pos.service.impl.POSServiceImpl      : Entering :: POSServiceImpl :: saveRequest method
2018-05-14 10:40:36.259  INFO 6896 --- [http-nio-9095-exec-5] c.g.pos.service.impl.POSServiceImpl      : Exiting :: POSServiceImpl :: saveRequest method
2018-05-14 10:40:47.290  INFO 6896 --- [http-nio-9095-exec-2] c.g.p.c.POSServiceRestController         : Entering:: POSServiceRestController:: fetchSavedData method
2018-05-14 10:40:47.290  INFO 6896 --- [http-nio-9095-exec-2] c.g.pos.service.impl.POSServiceImpl      : Entering :: POSServiceImpl :: getAllSavedReq method
2018-05-14 10:40:47.301  INFO 6896 --- [http-nio-9095-exec-2] c.g.pos.service.impl.POSServiceImpl      : Exiting :: POSServiceImpl :: getAllSavedReq method
2018-05-14 12:35:43.001  INFO 5440 --- [main] com.girmiti.pos.POSApplication           : Starting POSApplication on V-Bharath-PC with PID 5440 (E:\girmiti-pos\target\classes started by Deepak in E:\girmiti-pos)
2018-05-14 12:35:43.004  INFO 5440 --- [main] com.girmiti.pos.POSApplication           : No active profile set, falling back to default profiles: default
2018-05-14 12:35:43.073  INFO 5440 --- [main] ConfigServletWebServerApplicationContext : Refreshing org.springframework.boot.web.servlet.context.AnnotationConfigServletWebServerApplicationContext@1710d162: startup date [Mon May 14 12:35:43 IST 2018]; root of context hierarchy
2018-05-14 12:35:44.065  INFO 5440 --- [main] o.s.b.f.s.DefaultListableBeanFactory     : Overriding bean definition for bean 'dataSource' with a different definition: replacing [Root bean: class [null]; scope=; abstract=false; lazyInit=false; autowireMode=3; dependencyCheck=0; autowireCandidate=true; primary=false; factoryBeanName=org.springframework.boot.autoconfigure.jdbc.DataSourceConfiguration$Generic; factoryMethodName=dataSource; initMethodName=null; destroyMethodName=(inferred); defined in class path resource [org/springframework/boot/autoconfigure/jdbc/DataSourceConfiguration$Generic.class]] with [Root bean: class [null]; scope=; abstract=false; lazyInit=false; autowireMode=3; dependencyCheck=0; autowireCandidate=true; primary=false; factoryBeanName=org.springframework.boot.autoconfigure.jdbc.DataSourceConfiguration$Hikari; factoryMethodName=dataSource; initMethodName=null; destroyMethodName=(inferred); defined in class path resource [org/springframework/boot/autoconfigure/jdbc/DataSourceConfiguration$Hikari.class]]
2018-05-14 12:35:44.409  INFO 5440 --- [main] f.a.AutowiredAnnotationBeanPostProcessor : JSR-330 'javax.inject.Inject' annotation found and supported for autowiring
2018-05-14 12:35:44.544  INFO 5440 --- [main] trationDelegate$BeanPostProcessorChecker : Bean 'org.springframework.transaction.annotation.ProxyTransactionManagementConfiguration' of type [org.springframework.transaction.annotation.ProxyTransactionManagementConfiguration$$EnhancerBySpringCGLIB$$869689df] is not eligible for getting processed by all BeanPostProcessors (for example: not eligible for auto-proxying)
2018-05-14 12:35:44.947  INFO 5440 --- [main] o.s.b.w.embedded.tomcat.TomcatWebServer  : Tomcat initialized with port(s): 9095 (http)
2018-05-14 12:35:44.971  INFO 5440 --- [main] o.apache.catalina.core.StandardService   : Starting service [Tomcat]
2018-05-14 12:35:44.971  INFO 5440 --- [main] org.apache.catalina.core.StandardEngine  : Starting Servlet Engine: Apache Tomcat/8.5.28
2018-05-14 12:35:44.980  INFO 5440 --- [localhost-startStop-1] o.a.catalina.core.AprLifecycleListener   : The APR based Apache Tomcat Native library which allows optimal performance in production environments was not found on the java.library.path: [C:\Program Files\Java\jdk1.8.0_141\bin;C:\Windows\Sun\Java\bin;C:\Windows\system32;C:\Windows;C:/Program Files/Java/jre1.8.0_161/bin/server;C:/Program Files/Java/jre1.8.0_161/bin;C:/Program Files/Java/jre1.8.0_161/lib/amd64;C:\Program Files\ARM\bin\win_32-pentium;C:\ProgramData\Oracle\Java\javapath;C:\Program Files (x86)\Intel\iCLS Client\;C:\Program Files\Intel\iCLS Client\;C:\Windows\system32;C:\Windows;C:\Windows\System32\Wbem;C:\Windows\System32\WindowsPowerShell\v1.0\;C:\Program Files\Intel\Intel(R) Management Engine Components\DAL;C:\Program Files\Intel\Intel(R) Management Engine Components\IPT;C:\Program Files (x86)\Intel\Intel(R) Management Engine Components\DAL;C:\Program Files (x86)\Intel\Intel(R) Management Engine Components\IPT;C:\Program Files\Java\jdk1.8.0_141\bin;C:\Program Files\Java\jre1.8.0_141\bin;C:\Program Files\TortoiseSVN\bin;C:\Program Files\Git\cmd;C:\Program Files\ARM\RVI\Tools\3.3\106\programs\win_32-pentium;C:\Program Files\ARM\Utilities\FLEXlm\10.8.5.0\1\win_32-pentium;C:\Program Files\ARM\RVD\Core\4.0\1106\win_32-pentium\bin;C:\Program Files\ARM\RVCT\Programs\4.0\436\multi1\win_32-pentium;C:\Program Files\ARM\RVI\GDB\3.3\8;C:\Program Files\Gemalto\Classic Client\BIN;C:\Program Files (x86)\Gemalto\Classic Client\BIN;C:\Program Files (x86)\VERIFONE\FST;;C:\vde;C:\Users\Deepak\AppData\Local\GitHubDesktop\bin;D:\eclipse-jee-oxygen-3a-win32-x86_64\eclipse;;.]
2018-05-14 12:35:45.065  INFO 5440 --- [localhost-startStop-1] o.a.c.c.C.[.[localhost].[/pos-service]   : Initializing Spring embedded WebApplicationContext
2018-05-14 12:35:45.065  INFO 5440 --- [localhost-startStop-1] o.s.web.context.ContextLoader            : Root WebApplicationContext: initialization completed in 1992 ms
2018-05-14 12:35:45.197  INFO 5440 --- [localhost-startStop-1] o.s.b.w.servlet.ServletRegistrationBean  : Servlet dispatcherServlet mapped to [/]
2018-05-14 12:35:45.204  INFO 5440 --- [localhost-startStop-1] o.s.b.w.servlet.FilterRegistrationBean   : Mapping filter: 'characterEncodingFilter' to: [/*]
2018-05-14 12:35:45.412  INFO 5440 --- [main] com.zaxxer.hikari.HikariDataSource       : SpringBootJPAHikariCP - Starting...
2018-05-14 12:35:45.531  INFO 5440 --- [main] com.zaxxer.hikari.pool.PoolBase          : SpringBootJPAHikariCP - Driver does not support get/set network timeout for connections. (Method org.postgresql.jdbc42.Jdbc42Connection.getNetworkTimeout() is not yet implemented.)
2018-05-14 12:35:45.570  INFO 5440 --- [main] com.zaxxer.hikari.HikariDataSource       : SpringBootJPAHikariCP - Start completed.
2018-05-14 12:35:45.649  INFO 5440 --- [main] j.LocalContainerEntityManagerFactoryBean : Building JPA container EntityManagerFactory for persistence unit 'default'
2018-05-14 12:35:46.525  INFO 5440 --- [main] j.LocalContainerEntityManagerFactoryBean : Initialized JPA EntityManagerFactory for persistence unit 'default'
2018-05-14 12:35:47.251  INFO 5440 --- [main] s.w.s.m.m.a.RequestMappingHandlerMapping : Mapped "{[/],methods=[GET]}" onto public java.lang.String com.girmiti.pos.controller.POSServiceRestController.ping()
2018-05-14 12:35:47.272  INFO 5440 --- [main] s.w.s.m.m.a.RequestMappingHandlerMapping : Mapped "{[/save],methods=[POST]}" onto public com.girmiti.pos.model.Response com.girmiti.pos.controller.POSServiceRestController.saveRequest(com.girmiti.pos.model.Request,org.springframework.validation.BindingResult)
2018-05-14 12:35:47.273  INFO 5440 --- [main] s.w.s.m.m.a.RequestMappingHandlerMapping : Mapped "{[/fetch],methods=[GET]}" onto public java.lang.String com.girmiti.pos.controller.POSServiceRestController.fetchSavedData()
2018-05-14 12:35:47.288  INFO 5440 --- [main] s.w.s.m.m.a.RequestMappingHandlerMapping : Mapped "{[/error]}" onto public org.springframework.http.ResponseEntity<java.util.Map<java.lang.String, java.lang.Object>> org.springframework.boot.autoconfigure.web.servlet.error.BasicErrorController.error(javax.servlet.http.HttpServletRequest)
2018-05-14 12:35:47.289  INFO 5440 --- [main] s.w.s.m.m.a.RequestMappingHandlerMapping : Mapped "{[/error],produces=[text/html]}" onto public org.springframework.web.servlet.ModelAndView org.springframework.boot.autoconfigure.web.servlet.error.BasicErrorController.errorHtml(javax.servlet.http.HttpServletRequest,javax.servlet.http.HttpServletResponse)
2018-05-14 12:35:47.406  INFO 5440 --- [main] s.w.s.m.m.a.RequestMappingHandlerAdapter : Looking for @ControllerAdvice: org.springframework.boot.web.servlet.context.AnnotationConfigServletWebServerApplicationContext@1710d162: startup date [Mon May 14 12:35:43 IST 2018]; root of context hierarchy
2018-05-14 12:35:47.877  WARN 5440 --- [main] aWebConfiguration$JpaWebMvcConfiguration : spring.jpa.open-in-view is enabled by default. Therefore, database queries may be performed during view rendering. Explicitly configure spring.jpa.open-in-view to disable this warning
2018-05-14 12:35:48.179  INFO 5440 --- [main] o.s.j.e.a.AnnotationMBeanExporter        : Registering beans for JMX exposure on startup
2018-05-14 12:35:48.182  INFO 5440 --- [main] o.s.j.e.a.AnnotationMBeanExporter        : Bean with name 'dataSource' has been autodetected for JMX exposure
2018-05-14 12:35:48.190  INFO 5440 --- [main] o.s.j.e.a.AnnotationMBeanExporter        : Located MBean 'dataSource': registering with JMX server as MBean [com.zaxxer.hikari:name=dataSource,type=HikariDataSource]
2018-05-14 12:35:48.235 ERROR 5440 --- [main] o.apache.catalina.core.StandardService   : Failed to start connector [Connector[HTTP/1.1-9095]]

org.apache.catalina.LifecycleException: Failed to start component [Connector[HTTP/1.1-9095]]
	at org.apache.catalina.util.LifecycleBase.start(LifecycleBase.java:167) ~[tomcat-embed-core-8.5.28.jar:8.5.28]
	at org.apache.catalina.core.StandardService.addConnector(StandardService.java:225) ~[tomcat-embed-core-8.5.28.jar:8.5.28]
	at org.springframework.boot.web.embedded.tomcat.TomcatWebServer.addPreviouslyRemovedConnectors(TomcatWebServer.java:255) [spring-boot-2.0.0.RELEASE.jar:2.0.0.RELEASE]
	at org.springframework.boot.web.embedded.tomcat.TomcatWebServer.start(TomcatWebServer.java:197) [spring-boot-2.0.0.RELEASE.jar:2.0.0.RELEASE]
	at org.springframework.boot.web.servlet.context.ServletWebServerApplicationContext.startWebServer(ServletWebServerApplicationContext.java:300) [spring-boot-2.0.0.RELEASE.jar:2.0.0.RELEASE]
	at org.springframework.boot.web.servlet.context.ServletWebServerApplicationContext.finishRefresh(ServletWebServerApplicationContext.java:162) [spring-boot-2.0.0.RELEASE.jar:2.0.0.RELEASE]
	at org.springframework.context.support.AbstractApplicationContext.refresh(AbstractApplicationContext.java:552) [spring-context-5.0.4.RELEASE.jar:5.0.4.RELEASE]
	at org.springframework.boot.web.servlet.context.ServletWebServerApplicationContext.refresh(ServletWebServerApplicationContext.java:140) [spring-boot-2.0.0.RELEASE.jar:2.0.0.RELEASE]
	at org.springframework.boot.SpringApplication.refresh(SpringApplication.java:752) [spring-boot-2.0.0.RELEASE.jar:2.0.0.RELEASE]
	at org.springframework.boot.SpringApplication.refreshContext(SpringApplication.java:388) [spring-boot-2.0.0.RELEASE.jar:2.0.0.RELEASE]
	at org.springframework.boot.SpringApplication.run(SpringApplication.java:327) [spring-boot-2.0.0.RELEASE.jar:2.0.0.RELEASE]
	at org.springframework.boot.SpringApplication.run(SpringApplication.java:1246) [spring-boot-2.0.0.RELEASE.jar:2.0.0.RELEASE]
	at org.springframework.boot.SpringApplication.run(SpringApplication.java:1234) [spring-boot-2.0.0.RELEASE.jar:2.0.0.RELEASE]
	at com.girmiti.pos.POSApplication.main(POSApplication.java:24) [classes/:na]
	at sun.reflect.NativeMethodAccessorImpl.invoke0(Native Method) ~[na:1.8.0_141]
	at sun.reflect.NativeMethodAccessorImpl.invoke(NativeMethodAccessorImpl.java:62) ~[na:1.8.0_141]
	at sun.reflect.DelegatingMethodAccessorImpl.invoke(DelegatingMethodAccessorImpl.java:43) ~[na:1.8.0_141]
	at java.lang.reflect.Method.invoke(Method.java:498) ~[na:1.8.0_141]
	at org.springframework.boot.maven.AbstractRunMojo$LaunchRunner.run(AbstractRunMojo.java:496) [spring-boot-maven-plugin-2.0.0.RELEASE.jar:2.0.0.RELEASE]
	at java.lang.Thread.run(Thread.java:748) [na:1.8.0_141]
Caused by: org.apache.catalina.LifecycleException: Protocol handler start failed
	at org.apache.catalina.connector.Connector.startInternal(Connector.java:1021) ~[tomcat-embed-core-8.5.28.jar:8.5.28]
	at org.apache.catalina.util.LifecycleBase.start(LifecycleBase.java:150) ~[tomcat-embed-core-8.5.28.jar:8.5.28]
	... 19 common frames omitted
Caused by: java.net.BindException: Address already in use: bind
	at sun.nio.ch.Net.bind0(Native Method) ~[na:1.8.0_141]
	at sun.nio.ch.Net.bind(Net.java:433) ~[na:1.8.0_141]
	at sun.nio.ch.Net.bind(Net.java:425) ~[na:1.8.0_141]
	at sun.nio.ch.ServerSocketChannelImpl.bind(ServerSocketChannelImpl.java:223) ~[na:1.8.0_141]
	at sun.nio.ch.ServerSocketAdaptor.bind(ServerSocketAdaptor.java:74) ~[na:1.8.0_141]
	at org.apache.tomcat.util.net.NioEndpoint.bind(NioEndpoint.java:210) ~[tomcat-embed-core-8.5.28.jar:8.5.28]
	at org.apache.tomcat.util.net.AbstractEndpoint.start(AbstractEndpoint.java:1150) ~[tomcat-embed-core-8.5.28.jar:8.5.28]
	at org.apache.coyote.AbstractProtocol.start(AbstractProtocol.java:591) ~[tomcat-embed-core-8.5.28.jar:8.5.28]
	at org.apache.catalina.connector.Connector.startInternal(Connector.java:1018) ~[tomcat-embed-core-8.5.28.jar:8.5.28]
	... 20 common frames omitted

2018-05-14 12:35:48.239  INFO 5440 --- [main] o.apache.catalina.core.StandardService   : Stopping service [Tomcat]
2018-05-14 12:35:48.331  INFO 5440 --- [main] ConditionEvaluationReportLoggingListener : 

Error starting ApplicationContext. To display the conditions report re-run your application with 'debug' enabled.
2018-05-14 12:35:48.333 ERROR 5440 --- [main] o.s.b.d.LoggingFailureAnalysisReporter   : 

***************************
APPLICATION FAILED TO START
***************************

Description:

The Tomcat connector configured to listen on port 9095 failed to start. The port may already be in use or the connector may be misconfigured.

Action:

Verify the connector's configuration, identify and stop any process that's listening on port 9095, or configure this application to listen on another port.

2018-05-14 12:35:48.333  INFO 5440 --- [main] ConfigServletWebServerApplicationContext : Closing org.springframework.boot.web.servlet.context.AnnotationConfigServletWebServerApplicationContext@1710d162: startup date [Mon May 14 12:35:43 IST 2018]; root of context hierarchy
2018-05-14 12:35:48.335  INFO 5440 --- [main] o.s.j.e.a.AnnotationMBeanExporter        : Unregistering JMX-exposed beans on shutdown
2018-05-14 12:35:48.335  INFO 5440 --- [main] o.s.j.e.a.AnnotationMBeanExporter        : Unregistering JMX-exposed beans
2018-05-14 12:35:48.336  INFO 5440 --- [main] j.LocalContainerEntityManagerFactoryBean : Closing JPA EntityManagerFactory for persistence unit 'default'
2018-05-14 12:35:48.337  INFO 5440 --- [main] com.zaxxer.hikari.HikariDataSource       : SpringBootJPAHikariCP - Shutdown initiated...
2018-05-14 12:35:48.385  INFO 5440 --- [main] com.zaxxer.hikari.HikariDataSource       : SpringBootJPAHikariCP - Shutdown completed.
2018-05-14 12:37:01.898  INFO 8124 --- [main] com.girmiti.pos.POSApplication           : Starting POSApplication on V-Bharath-PC with PID 8124 (E:\girmiti-pos\target\classes started by Deepak in E:\girmiti-pos)
2018-05-14 12:37:01.903  INFO 8124 --- [main] com.girmiti.pos.POSApplication           : No active profile set, falling back to default profiles: default
2018-05-14 12:37:01.973  INFO 8124 --- [main] ConfigServletWebServerApplicationContext : Refreshing org.springframework.boot.web.servlet.context.AnnotationConfigServletWebServerApplicationContext@213799ba: startup date [Mon May 14 12:37:01 IST 2018]; root of context hierarchy
2018-05-14 12:37:02.917  INFO 8124 --- [main] o.s.b.f.s.DefaultListableBeanFactory     : Overriding bean definition for bean 'dataSource' with a different definition: replacing [Root bean: class [null]; scope=; abstract=false; lazyInit=false; autowireMode=3; dependencyCheck=0; autowireCandidate=true; primary=false; factoryBeanName=org.springframework.boot.autoconfigure.jdbc.DataSourceConfiguration$Generic; factoryMethodName=dataSource; initMethodName=null; destroyMethodName=(inferred); defined in class path resource [org/springframework/boot/autoconfigure/jdbc/DataSourceConfiguration$Generic.class]] with [Root bean: class [null]; scope=; abstract=false; lazyInit=false; autowireMode=3; dependencyCheck=0; autowireCandidate=true; primary=false; factoryBeanName=org.springframework.boot.autoconfigure.jdbc.DataSourceConfiguration$Hikari; factoryMethodName=dataSource; initMethodName=null; destroyMethodName=(inferred); defined in class path resource [org/springframework/boot/autoconfigure/jdbc/DataSourceConfiguration$Hikari.class]]
2018-05-14 12:37:03.257  INFO 8124 --- [main] f.a.AutowiredAnnotationBeanPostProcessor : JSR-330 'javax.inject.Inject' annotation found and supported for autowiring
2018-05-14 12:37:03.403  INFO 8124 --- [main] trationDelegate$BeanPostProcessorChecker : Bean 'org.springframework.transaction.annotation.ProxyTransactionManagementConfiguration' of type [org.springframework.transaction.annotation.ProxyTransactionManagementConfiguration$$EnhancerBySpringCGLIB$$ed940f2b] is not eligible for getting processed by all BeanPostProcessors (for example: not eligible for auto-proxying)
2018-05-14 12:37:03.819  INFO 8124 --- [main] o.s.b.w.embedded.tomcat.TomcatWebServer  : Tomcat initialized with port(s): 9096 (http)
2018-05-14 12:37:03.844  INFO 8124 --- [main] o.apache.catalina.core.StandardService   : Starting service [Tomcat]
2018-05-14 12:37:03.845  INFO 8124 --- [main] org.apache.catalina.core.StandardEngine  : Starting Servlet Engine: Apache Tomcat/8.5.28
2018-05-14 12:37:03.854  INFO 8124 --- [localhost-startStop-1] o.a.catalina.core.AprLifecycleListener   : The APR based Apache Tomcat Native library which allows optimal performance in production environments was not found on the java.library.path: [C:\Program Files\Java\jdk1.8.0_141\bin;C:\Windows\Sun\Java\bin;C:\Windows\system32;C:\Windows;C:/Program Files/Java/jre1.8.0_161/bin/server;C:/Program Files/Java/jre1.8.0_161/bin;C:/Program Files/Java/jre1.8.0_161/lib/amd64;C:\Program Files\ARM\bin\win_32-pentium;C:\ProgramData\Oracle\Java\javapath;C:\Program Files (x86)\Intel\iCLS Client\;C:\Program Files\Intel\iCLS Client\;C:\Windows\system32;C:\Windows;C:\Windows\System32\Wbem;C:\Windows\System32\WindowsPowerShell\v1.0\;C:\Program Files\Intel\Intel(R) Management Engine Components\DAL;C:\Program Files\Intel\Intel(R) Management Engine Components\IPT;C:\Program Files (x86)\Intel\Intel(R) Management Engine Components\DAL;C:\Program Files (x86)\Intel\Intel(R) Management Engine Components\IPT;C:\Program Files\Java\jdk1.8.0_141\bin;C:\Program Files\Java\jre1.8.0_141\bin;C:\Program Files\TortoiseSVN\bin;C:\Program Files\Git\cmd;C:\Program Files\ARM\RVI\Tools\3.3\106\programs\win_32-pentium;C:\Program Files\ARM\Utilities\FLEXlm\10.8.5.0\1\win_32-pentium;C:\Program Files\ARM\RVD\Core\4.0\1106\win_32-pentium\bin;C:\Program Files\ARM\RVCT\Programs\4.0\436\multi1\win_32-pentium;C:\Program Files\ARM\RVI\GDB\3.3\8;C:\Program Files\Gemalto\Classic Client\BIN;C:\Program Files (x86)\Gemalto\Classic Client\BIN;C:\Program Files (x86)\VERIFONE\FST;;C:\vde;C:\Users\Deepak\AppData\Local\GitHubDesktop\bin;D:\eclipse-jee-oxygen-3a-win32-x86_64\eclipse;;.]
2018-05-14 12:37:03.947  INFO 8124 --- [localhost-startStop-1] o.a.c.c.C.[.[localhost].[/pos-service]   : Initializing Spring embedded WebApplicationContext
2018-05-14 12:37:03.948  INFO 8124 --- [localhost-startStop-1] o.s.web.context.ContextLoader            : Root WebApplicationContext: initialization completed in 1976 ms
2018-05-14 12:37:04.088  INFO 8124 --- [localhost-startStop-1] o.s.b.w.servlet.ServletRegistrationBean  : Servlet dispatcherServlet mapped to [/]
2018-05-14 12:37:04.093  INFO 8124 --- [localhost-startStop-1] o.s.b.w.servlet.FilterRegistrationBean   : Mapping filter: 'characterEncodingFilter' to: [/*]
2018-05-14 12:37:04.308  INFO 8124 --- [main] com.zaxxer.hikari.HikariDataSource       : SpringBootJPAHikariCP - Starting...
2018-05-14 12:37:04.387  INFO 8124 --- [main] com.zaxxer.hikari.pool.PoolBase          : SpringBootJPAHikariCP - Driver does not support get/set network timeout for connections. (Method org.postgresql.jdbc42.Jdbc42Connection.getNetworkTimeout() is not yet implemented.)
2018-05-14 12:37:04.414  INFO 8124 --- [main] com.zaxxer.hikari.HikariDataSource       : SpringBootJPAHikariCP - Start completed.
2018-05-14 12:37:04.475  INFO 8124 --- [main] j.LocalContainerEntityManagerFactoryBean : Building JPA container EntityManagerFactory for persistence unit 'default'
2018-05-14 12:37:05.495  INFO 8124 --- [main] j.LocalContainerEntityManagerFactoryBean : Initialized JPA EntityManagerFactory for persistence unit 'default'
2018-05-14 12:37:06.273  INFO 8124 --- [main] s.w.s.m.m.a.RequestMappingHandlerMapping : Mapped "{[/],methods=[GET]}" onto public java.lang.String com.girmiti.pos.controller.POSServiceRestController.ping()
2018-05-14 12:37:06.274  INFO 8124 --- [main] s.w.s.m.m.a.RequestMappingHandlerMapping : Mapped "{[/save],methods=[POST]}" onto public com.girmiti.pos.model.Response com.girmiti.pos.controller.POSServiceRestController.saveRequest(com.girmiti.pos.model.Request,org.springframework.validation.BindingResult)
2018-05-14 12:37:06.274  INFO 8124 --- [main] s.w.s.m.m.a.RequestMappingHandlerMapping : Mapped "{[/fetch],methods=[GET]}" onto public java.lang.String com.girmiti.pos.controller.POSServiceRestController.fetchSavedData()
2018-05-14 12:37:06.284  INFO 8124 --- [main] s.w.s.m.m.a.RequestMappingHandlerMapping : Mapped "{[/error]}" onto public org.springframework.http.ResponseEntity<java.util.Map<java.lang.String, java.lang.Object>> org.springframework.boot.autoconfigure.web.servlet.error.BasicErrorController.error(javax.servlet.http.HttpServletRequest)
2018-05-14 12:37:06.285  INFO 8124 --- [main] s.w.s.m.m.a.RequestMappingHandlerMapping : Mapped "{[/error],produces=[text/html]}" onto public org.springframework.web.servlet.ModelAndView org.springframework.boot.autoconfigure.web.servlet.error.BasicErrorController.errorHtml(javax.servlet.http.HttpServletRequest,javax.servlet.http.HttpServletResponse)
2018-05-14 12:37:06.370  INFO 8124 --- [main] s.w.s.m.m.a.RequestMappingHandlerAdapter : Looking for @ControllerAdvice: org.springframework.boot.web.servlet.context.AnnotationConfigServletWebServerApplicationContext@213799ba: startup date [Mon May 14 12:37:01 IST 2018]; root of context hierarchy
2018-05-14 12:37:06.710  WARN 8124 --- [main] aWebConfiguration$JpaWebMvcConfiguration : spring.jpa.open-in-view is enabled by default. Therefore, database queries may be performed during view rendering. Explicitly configure spring.jpa.open-in-view to disable this warning
2018-05-14 12:37:06.917  INFO 8124 --- [main] o.s.j.e.a.AnnotationMBeanExporter        : Registering beans for JMX exposure on startup
2018-05-14 12:37:06.919  INFO 8124 --- [main] o.s.j.e.a.AnnotationMBeanExporter        : Bean with name 'dataSource' has been autodetected for JMX exposure
2018-05-14 12:37:06.925  INFO 8124 --- [main] o.s.j.e.a.AnnotationMBeanExporter        : Located MBean 'dataSource': registering with JMX server as MBean [com.zaxxer.hikari:name=dataSource,type=HikariDataSource]
2018-05-14 12:37:06.965  INFO 8124 --- [main] o.s.b.w.embedded.tomcat.TomcatWebServer  : Tomcat started on port(s): 9096 (http) with context path '/pos-service'
2018-05-14 12:37:06.968  INFO 8124 --- [main] com.girmiti.pos.POSApplication           : Started POSApplication in 5.518 seconds (JVM running for 8.865)
2018-05-14 12:37:32.852  INFO 6468 --- [main] com.girmiti.pos.POSApplication           : Starting POSApplication on V-Bharath-PC with PID 6468 (E:\girmiti-pos\target\classes started by Deepak in E:\girmiti-pos)
2018-05-14 12:37:32.856  INFO 6468 --- [main] com.girmiti.pos.POSApplication           : No active profile set, falling back to default profiles: default
2018-05-14 12:37:32.920  INFO 6468 --- [main] ConfigServletWebServerApplicationContext : Refreshing org.springframework.boot.web.servlet.context.AnnotationConfigServletWebServerApplicationContext@db7cd2c: startup date [Mon May 14 12:37:32 IST 2018]; root of context hierarchy
2018-05-14 12:37:33.811  INFO 6468 --- [main] o.s.b.f.s.DefaultListableBeanFactory     : Overriding bean definition for bean 'dataSource' with a different definition: replacing [Root bean: class [null]; scope=; abstract=false; lazyInit=false; autowireMode=3; dependencyCheck=0; autowireCandidate=true; primary=false; factoryBeanName=org.springframework.boot.autoconfigure.jdbc.DataSourceConfiguration$Generic; factoryMethodName=dataSource; initMethodName=null; destroyMethodName=(inferred); defined in class path resource [org/springframework/boot/autoconfigure/jdbc/DataSourceConfiguration$Generic.class]] with [Root bean: class [null]; scope=; abstract=false; lazyInit=false; autowireMode=3; dependencyCheck=0; autowireCandidate=true; primary=false; factoryBeanName=org.springframework.boot.autoconfigure.jdbc.DataSourceConfiguration$Hikari; factoryMethodName=dataSource; initMethodName=null; destroyMethodName=(inferred); defined in class path resource [org/springframework/boot/autoconfigure/jdbc/DataSourceConfiguration$Hikari.class]]
2018-05-14 12:37:34.142  INFO 6468 --- [main] f.a.AutowiredAnnotationBeanPostProcessor : JSR-330 'javax.inject.Inject' annotation found and supported for autowiring
2018-05-14 12:37:34.263  INFO 6468 --- [main] trationDelegate$BeanPostProcessorChecker : Bean 'org.springframework.transaction.annotation.ProxyTransactionManagementConfiguration' of type [org.springframework.transaction.annotation.ProxyTransactionManagementConfiguration$$EnhancerBySpringCGLIB$$e8a0b72] is not eligible for getting processed by all BeanPostProcessors (for example: not eligible for auto-proxying)
2018-05-14 12:37:34.652  INFO 6468 --- [main] o.s.b.w.embedded.tomcat.TomcatWebServer  : Tomcat initialized with port(s): 9095 (http)
2018-05-14 12:37:34.679  INFO 6468 --- [main] o.apache.catalina.core.StandardService   : Starting service [Tomcat]
2018-05-14 12:37:34.679  INFO 6468 --- [main] org.apache.catalina.core.StandardEngine  : Starting Servlet Engine: Apache Tomcat/8.5.28
2018-05-14 12:37:34.693  INFO 6468 --- [localhost-startStop-1] o.a.catalina.core.AprLifecycleListener   : The APR based Apache Tomcat Native library which allows optimal performance in production environments was not found on the java.library.path: [C:\Program Files\Java\jdk1.8.0_141\bin;C:\Windows\Sun\Java\bin;C:\Windows\system32;C:\Windows;C:/Program Files/Java/jre1.8.0_161/bin/server;C:/Program Files/Java/jre1.8.0_161/bin;C:/Program Files/Java/jre1.8.0_161/lib/amd64;C:\Program Files\ARM\bin\win_32-pentium;C:\ProgramData\Oracle\Java\javapath;C:\Program Files (x86)\Intel\iCLS Client\;C:\Program Files\Intel\iCLS Client\;C:\Windows\system32;C:\Windows;C:\Windows\System32\Wbem;C:\Windows\System32\WindowsPowerShell\v1.0\;C:\Program Files\Intel\Intel(R) Management Engine Components\DAL;C:\Program Files\Intel\Intel(R) Management Engine Components\IPT;C:\Program Files (x86)\Intel\Intel(R) Management Engine Components\DAL;C:\Program Files (x86)\Intel\Intel(R) Management Engine Components\IPT;C:\Program Files\Java\jdk1.8.0_141\bin;C:\Program Files\Java\jre1.8.0_141\bin;C:\Program Files\TortoiseSVN\bin;C:\Program Files\Git\cmd;C:\Program Files\ARM\RVI\Tools\3.3\106\programs\win_32-pentium;C:\Program Files\ARM\Utilities\FLEXlm\10.8.5.0\1\win_32-pentium;C:\Program Files\ARM\RVD\Core\4.0\1106\win_32-pentium\bin;C:\Program Files\ARM\RVCT\Programs\4.0\436\multi1\win_32-pentium;C:\Program Files\ARM\RVI\GDB\3.3\8;C:\Program Files\Gemalto\Classic Client\BIN;C:\Program Files (x86)\Gemalto\Classic Client\BIN;C:\Program Files (x86)\VERIFONE\FST;;C:\vde;C:\Users\Deepak\AppData\Local\GitHubDesktop\bin;D:\eclipse-jee-oxygen-3a-win32-x86_64\eclipse;;.]
2018-05-14 12:37:34.790  INFO 6468 --- [localhost-startStop-1] o.a.c.c.C.[.[localhost].[/pos-service]   : Initializing Spring embedded WebApplicationContext
2018-05-14 12:37:34.790  INFO 6468 --- [localhost-startStop-1] o.s.web.context.ContextLoader            : Root WebApplicationContext: initialization completed in 1870 ms
2018-05-14 12:37:34.939  INFO 6468 --- [localhost-startStop-1] o.s.b.w.servlet.ServletRegistrationBean  : Servlet dispatcherServlet mapped to [/]
2018-05-14 12:37:34.946  INFO 6468 --- [localhost-startStop-1] o.s.b.w.servlet.FilterRegistrationBean   : Mapping filter: 'characterEncodingFilter' to: [/*]
2018-05-14 12:37:35.167  INFO 6468 --- [main] com.zaxxer.hikari.HikariDataSource       : SpringBootJPAHikariCP - Starting...
2018-05-14 12:37:35.250  INFO 6468 --- [main] com.zaxxer.hikari.pool.PoolBase          : SpringBootJPAHikariCP - Driver does not support get/set network timeout for connections. (Method org.postgresql.jdbc42.Jdbc42Connection.getNetworkTimeout() is not yet implemented.)
2018-05-14 12:37:35.272  INFO 6468 --- [main] com.zaxxer.hikari.HikariDataSource       : SpringBootJPAHikariCP - Start completed.
2018-05-14 12:37:35.331  INFO 6468 --- [main] j.LocalContainerEntityManagerFactoryBean : Building JPA container EntityManagerFactory for persistence unit 'default'
2018-05-14 12:37:36.321  INFO 6468 --- [main] j.LocalContainerEntityManagerFactoryBean : Initialized JPA EntityManagerFactory for persistence unit 'default'
2018-05-14 12:37:37.214  INFO 6468 --- [main] s.w.s.m.m.a.RequestMappingHandlerMapping : Mapped "{[/save],methods=[POST]}" onto public com.girmiti.pos.model.Response com.girmiti.pos.controller.POSServiceRestController.saveRequest(com.girmiti.pos.model.Request,org.springframework.validation.BindingResult)
2018-05-14 12:37:37.215  INFO 6468 --- [main] s.w.s.m.m.a.RequestMappingHandlerMapping : Mapped "{[/fetch],methods=[GET]}" onto public java.lang.String com.girmiti.pos.controller.POSServiceRestController.fetchSavedData()
2018-05-14 12:37:37.216  INFO 6468 --- [main] s.w.s.m.m.a.RequestMappingHandlerMapping : Mapped "{[/],methods=[GET]}" onto public java.lang.String com.girmiti.pos.controller.POSServiceRestController.ping()
2018-05-14 12:37:37.226  INFO 6468 --- [main] s.w.s.m.m.a.RequestMappingHandlerMapping : Mapped "{[/error]}" onto public org.springframework.http.ResponseEntity<java.util.Map<java.lang.String, java.lang.Object>> org.springframework.boot.autoconfigure.web.servlet.error.BasicErrorController.error(javax.servlet.http.HttpServletRequest)
2018-05-14 12:37:37.227  INFO 6468 --- [main] s.w.s.m.m.a.RequestMappingHandlerMapping : Mapped "{[/error],produces=[text/html]}" onto public org.springframework.web.servlet.ModelAndView org.springframework.boot.autoconfigure.web.servlet.error.BasicErrorController.errorHtml(javax.servlet.http.HttpServletRequest,javax.servlet.http.HttpServletResponse)
2018-05-14 12:37:37.307  INFO 6468 --- [main] s.w.s.m.m.a.RequestMappingHandlerAdapter : Looking for @ControllerAdvice: org.springframework.boot.web.servlet.context.AnnotationConfigServletWebServerApplicationContext@db7cd2c: startup date [Mon May 14 12:37:32 IST 2018]; root of context hierarchy
2018-05-14 12:37:37.693  WARN 6468 --- [main] aWebConfiguration$JpaWebMvcConfiguration : spring.jpa.open-in-view is enabled by default. Therefore, database queries may be performed during view rendering. Explicitly configure spring.jpa.open-in-view to disable this warning
2018-05-14 12:37:37.911  INFO 6468 --- [main] o.s.j.e.a.AnnotationMBeanExporter        : Registering beans for JMX exposure on startup
2018-05-14 12:37:37.913  INFO 6468 --- [main] o.s.j.e.a.AnnotationMBeanExporter        : Bean with name 'dataSource' has been autodetected for JMX exposure
2018-05-14 12:37:37.920  INFO 6468 --- [main] o.s.j.e.a.AnnotationMBeanExporter        : Located MBean 'dataSource': registering with JMX server as MBean [com.zaxxer.hikari:name=dataSource,type=HikariDataSource]
2018-05-14 12:37:37.943 ERROR 6468 --- [main] o.apache.catalina.core.StandardService   : Failed to start connector [Connector[HTTP/1.1-9095]]

org.apache.catalina.LifecycleException: Failed to start component [Connector[HTTP/1.1-9095]]
	at org.apache.catalina.util.LifecycleBase.start(LifecycleBase.java:167) ~[tomcat-embed-core-8.5.28.jar:8.5.28]
	at org.apache.catalina.core.StandardService.addConnector(StandardService.java:225) ~[tomcat-embed-core-8.5.28.jar:8.5.28]
	at org.springframework.boot.web.embedded.tomcat.TomcatWebServer.addPreviouslyRemovedConnectors(TomcatWebServer.java:255) [spring-boot-2.0.0.RELEASE.jar:2.0.0.RELEASE]
	at org.springframework.boot.web.embedded.tomcat.TomcatWebServer.start(TomcatWebServer.java:197) [spring-boot-2.0.0.RELEASE.jar:2.0.0.RELEASE]
	at org.springframework.boot.web.servlet.context.ServletWebServerApplicationContext.startWebServer(ServletWebServerApplicationContext.java:300) [spring-boot-2.0.0.RELEASE.jar:2.0.0.RELEASE]
	at org.springframework.boot.web.servlet.context.ServletWebServerApplicationContext.finishRefresh(ServletWebServerApplicationContext.java:162) [spring-boot-2.0.0.RELEASE.jar:2.0.0.RELEASE]
	at org.springframework.context.support.AbstractApplicationContext.refresh(AbstractApplicationContext.java:552) [spring-context-5.0.4.RELEASE.jar:5.0.4.RELEASE]
	at org.springframework.boot.web.servlet.context.ServletWebServerApplicationContext.refresh(ServletWebServerApplicationContext.java:140) [spring-boot-2.0.0.RELEASE.jar:2.0.0.RELEASE]
	at org.springframework.boot.SpringApplication.refresh(SpringApplication.java:752) [spring-boot-2.0.0.RELEASE.jar:2.0.0.RELEASE]
	at org.springframework.boot.SpringApplication.refreshContext(SpringApplication.java:388) [spring-boot-2.0.0.RELEASE.jar:2.0.0.RELEASE]
	at org.springframework.boot.SpringApplication.run(SpringApplication.java:327) [spring-boot-2.0.0.RELEASE.jar:2.0.0.RELEASE]
	at org.springframework.boot.SpringApplication.run(SpringApplication.java:1246) [spring-boot-2.0.0.RELEASE.jar:2.0.0.RELEASE]
	at org.springframework.boot.SpringApplication.run(SpringApplication.java:1234) [spring-boot-2.0.0.RELEASE.jar:2.0.0.RELEASE]
	at com.girmiti.pos.POSApplication.main(POSApplication.java:24) [classes/:na]
	at sun.reflect.NativeMethodAccessorImpl.invoke0(Native Method) ~[na:1.8.0_141]
	at sun.reflect.NativeMethodAccessorImpl.invoke(NativeMethodAccessorImpl.java:62) ~[na:1.8.0_141]
	at sun.reflect.DelegatingMethodAccessorImpl.invoke(DelegatingMethodAccessorImpl.java:43) ~[na:1.8.0_141]
	at java.lang.reflect.Method.invoke(Method.java:498) ~[na:1.8.0_141]
	at org.springframework.boot.maven.AbstractRunMojo$LaunchRunner.run(AbstractRunMojo.java:496) [spring-boot-maven-plugin-2.0.0.RELEASE.jar:2.0.0.RELEASE]
	at java.lang.Thread.run(Thread.java:748) [na:1.8.0_141]
Caused by: org.apache.catalina.LifecycleException: Protocol handler start failed
	at org.apache.catalina.connector.Connector.startInternal(Connector.java:1021) ~[tomcat-embed-core-8.5.28.jar:8.5.28]
	at org.apache.catalina.util.LifecycleBase.start(LifecycleBase.java:150) ~[tomcat-embed-core-8.5.28.jar:8.5.28]
	... 19 common frames omitted
Caused by: java.net.BindException: Address already in use: bind
	at sun.nio.ch.Net.bind0(Native Method) ~[na:1.8.0_141]
	at sun.nio.ch.Net.bind(Net.java:433) ~[na:1.8.0_141]
	at sun.nio.ch.Net.bind(Net.java:425) ~[na:1.8.0_141]
	at sun.nio.ch.ServerSocketChannelImpl.bind(ServerSocketChannelImpl.java:223) ~[na:1.8.0_141]
	at sun.nio.ch.ServerSocketAdaptor.bind(ServerSocketAdaptor.java:74) ~[na:1.8.0_141]
	at org.apache.tomcat.util.net.NioEndpoint.bind(NioEndpoint.java:210) ~[tomcat-embed-core-8.5.28.jar:8.5.28]
	at org.apache.tomcat.util.net.AbstractEndpoint.start(AbstractEndpoint.java:1150) ~[tomcat-embed-core-8.5.28.jar:8.5.28]
	at org.apache.coyote.AbstractProtocol.start(AbstractProtocol.java:591) ~[tomcat-embed-core-8.5.28.jar:8.5.28]
	at org.apache.catalina.connector.Connector.startInternal(Connector.java:1018) ~[tomcat-embed-core-8.5.28.jar:8.5.28]
	... 20 common frames omitted

2018-05-14 12:37:37.946  INFO 6468 --- [main] o.apache.catalina.core.StandardService   : Stopping service [Tomcat]
2018-05-14 12:37:37.957  INFO 6468 --- [main] ConditionEvaluationReportLoggingListener : 

Error starting ApplicationContext. To display the conditions report re-run your application with 'debug' enabled.
2018-05-14 12:37:37.959 ERROR 6468 --- [main] o.s.b.d.LoggingFailureAnalysisReporter   : 

***************************
APPLICATION FAILED TO START
***************************

Description:

The Tomcat connector configured to listen on port 9095 failed to start. The port may already be in use or the connector may be misconfigured.

Action:

Verify the connector's configuration, identify and stop any process that's listening on port 9095, or configure this application to listen on another port.

2018-05-14 12:37:37.960  INFO 6468 --- [main] ConfigServletWebServerApplicationContext : Closing org.springframework.boot.web.servlet.context.AnnotationConfigServletWebServerApplicationContext@db7cd2c: startup date [Mon May 14 12:37:32 IST 2018]; root of context hierarchy
2018-05-14 12:37:37.962  INFO 6468 --- [main] o.s.j.e.a.AnnotationMBeanExporter        : Unregistering JMX-exposed beans on shutdown
2018-05-14 12:37:37.963  INFO 6468 --- [main] o.s.j.e.a.AnnotationMBeanExporter        : Unregistering JMX-exposed beans
2018-05-14 12:37:37.964  INFO 6468 --- [main] j.LocalContainerEntityManagerFactoryBean : Closing JPA EntityManagerFactory for persistence unit 'default'
2018-05-14 12:37:37.965  INFO 6468 --- [main] com.zaxxer.hikari.HikariDataSource       : SpringBootJPAHikariCP - Shutdown initiated...
2018-05-14 12:37:37.972  INFO 6468 --- [main] com.zaxxer.hikari.HikariDataSource       : SpringBootJPAHikariCP - Shutdown completed.
